2025-09-01 13:25:49,682 - Knowledge - INFO - Redis support added with prefix knowledge:b6934ya:
2025-09-01 13:25:49,772 - Knowledge - INFO - load persisted knowledge: begin
2025-09-01 13:25:49,777 - Knowledge - INFO - load persisted knowledge: end
2025-09-01 13:25:49,777 - Knowledge - INFO - load persisted docinfo: begin
2025-09-01 13:25:49,779 - Knowledge - INFO - load persisted docinfo: end
2025-09-01 13:25:49,784 - Knowledge - INFO - worker kw1 created with dedicated MongoDB connection (total: 1)
2025-09-01 13:25:49,785 - Knowledge - INFO - knowledge worker kw1 start
2025-09-01 13:25:49,786 - Knowledge - INFO - worker kw1 pull /app/data/b2c/15745/b6934ya/Crossword/js/script.js from ingest queue
2025-09-01 13:25:49,787 - Knowledge - INFO - worker kw2 created with dedicated MongoDB connection (total: 2)
2025-09-01 13:25:49,787 - Knowledge - INFO - knowledge worker kw2 start
2025-09-01 13:25:49,789 - Knowledge - INFO - worker kw2 pull /app/data/b2c/15745/b6934ya/Crossword/js/jquery.crossword.js from ingest queue
2025-09-01 13:25:49,790 - Knowledge - INFO - worker kw3 created with dedicated MongoDB connection (total: 3)
2025-09-01 13:25:49,790 - Knowledge - INFO - knowledge worker kw3 start
2025-09-01 13:25:49,791 - Knowledge - INFO - worker kw3 pull /app/data/b2c/15745/b6934ya/Crossword/index.html from ingest queue
2025-09-01 13:25:49,825 - Knowledge - INFO - process ingested knowledge for /app/data/b2c/15745/b6934ya/Crossword/js/script.js
2025-09-01 13:25:49,828 - Knowledge - INFO - Found code-base-name: https://github.com/DerrickSamuel2/Crossword.git:master
2025-09-01 13:25:49,829 - Knowledge - INFO - Found code_base: <app.utils.kg_build.knowledge.KnowledgeCodeBase object at 0x7f9b54206f10>
2025-09-01 13:25:49,829 - Knowledge - INFO - persist ingested knowledge for /app/data/b2c/15745/b6934ya/Crossword/js/script.js
2025-09-01 13:25:49,829 - Knowledge - INFO - process ingested knowledge for /app/data/b2c/15745/b6934ya/Crossword/index.html
2025-09-01 13:25:49,837 - Knowledge - INFO - process ingested knowledge for /app/data/b2c/15745/b6934ya/Crossword/js/jquery.crossword.js
2025-09-01 13:25:49,885 - Knowledge - INFO - Found code-base-name: https://github.com/DerrickSamuel2/Crossword.git:master
2025-09-01 13:25:49,885 - Knowledge - INFO - Found code_base: <app.utils.kg_build.knowledge.KnowledgeCodeBase object at 0x7f9b54206f10>
2025-09-01 13:25:49,885 - Knowledge - INFO - persist ingested knowledge for /app/data/b2c/15745/b6934ya/Crossword/index.html
2025-09-01 13:25:49,885 - Knowledge - INFO - Found code-base-name: https://github.com/DerrickSamuel2/Crossword.git:master
2025-09-01 13:25:49,886 - Knowledge - INFO - Found code_base: <app.utils.kg_build.knowledge.KnowledgeCodeBase object at 0x7f9b54206f10>
2025-09-01 13:25:49,886 - Knowledge - INFO - persist ingested knowledge for /app/data/b2c/15745/b6934ya/Crossword/js/jquery.crossword.js
2025-09-01 13:25:49,956 - Knowledge - INFO - adding /app/data/b2c/15745/b6934ya/Crossword/js/script.js to ingest queue
2025-09-01 13:25:50,023 - Knowledge - INFO - worker kw1 pull /app/data/b2c/15745/b6934ya/Crossword/js/script.js from ingest queue
2025-09-01 13:25:50,023 - Knowledge - INFO - Thread kw1 - File script.js - Remaining files in queue: 0
2025-09-01 13:25:50,023 - Knowledge - INFO - start ingest for /app/data/b2c/15745/b6934ya/Crossword/js/script.js
2025-09-01 13:25:50,023 - Knowledge - INFO - adding /app/data/b2c/15745/b6934ya/Crossword/index.html to ingest queue
2025-09-01 13:25:50,024 - Knowledge - INFO - worker kw3 pull /app/data/b2c/15745/b6934ya/Crossword/index.html from ingest queue
2025-09-01 13:25:50,024 - Knowledge - INFO - Thread kw3 - File index.html - Remaining files in queue: 0
2025-09-01 13:25:50,024 - Knowledge - INFO - start ingest for /app/data/b2c/15745/b6934ya/Crossword/index.html
2025-09-01 13:25:50,025 - Knowledge - INFO - adding /app/data/b2c/15745/b6934ya/Crossword/js/jquery.crossword.js to ingest queue
2025-09-01 13:25:50,026 - Knowledge - INFO - worker kw2 pull /app/data/b2c/15745/b6934ya/Crossword/js/jquery.crossword.js from ingest queue
2025-09-01 13:25:50,026 - Knowledge - INFO - Thread kw2 - File jquery.crossword.js - Remaining files in queue: 0
2025-09-01 13:25:50,026 - Knowledge - INFO - start ingest for /app/data/b2c/15745/b6934ya/Crossword/js/jquery.crossword.js
2025-09-01 13:25:52,348 - Knowledge - INFO - done ingest for /app/data/b2c/15745/b6934ya/Crossword/index.html
2025-09-01 13:25:52,348 - Knowledge - INFO - process ingested knowledge for /app/data/b2c/15745/b6934ya/Crossword/index.html
2025-09-01 13:25:52,348 - Knowledge - INFO - Found code-base-name: https://github.com/DerrickSamuel2/Crossword.git:master
2025-09-01 13:25:52,348 - Knowledge - INFO - Found code_base: <app.utils.kg_build.knowledge.KnowledgeCodeBase object at 0x7f9b54206f10>
2025-09-01 13:25:52,348 - Knowledge - INFO - persist ingested knowledge for /app/data/b2c/15745/b6934ya/Crossword/index.html
2025-09-01 13:25:54,247 - Knowledge - INFO - done ingest for /app/data/b2c/15745/b6934ya/Crossword/js/script.js
2025-09-01 13:25:54,407 - Knowledge - INFO - process ingested knowledge for /app/data/b2c/15745/b6934ya/Crossword/js/script.js
2025-09-01 13:25:54,411 - Knowledge - INFO - Found code-base-name: https://github.com/DerrickSamuel2/Crossword.git:master
2025-09-01 13:25:54,411 - Knowledge - INFO - Found code_base: <app.utils.kg_build.knowledge.KnowledgeCodeBase object at 0x7f9b54206f10>
2025-09-01 13:25:54,411 - Knowledge - INFO - persist ingested knowledge for /app/data/b2c/15745/b6934ya/Crossword/js/script.js
2025-09-01 13:25:55,696 - Knowledge - INFO - persist search terms embedding for js/script.js
2025-09-01 13:25:56,861 - Knowledge - INFO - done ingest for /app/data/b2c/15745/b6934ya/Crossword/js/jquery.crossword.js
2025-09-01 13:25:56,873 - Knowledge - INFO - process ingested knowledge for /app/data/b2c/15745/b6934ya/Crossword/js/jquery.crossword.js
2025-09-01 13:25:56,876 - Knowledge - INFO - Found code-base-name: https://github.com/DerrickSamuel2/Crossword.git:master
2025-09-01 13:25:56,876 - Knowledge - INFO - Found code_base: <app.utils.kg_build.knowledge.KnowledgeCodeBase object at 0x7f9b54206f10>
2025-09-01 13:25:56,876 - Knowledge - INFO - persist ingested knowledge for /app/data/b2c/15745/b6934ya/Crossword/js/jquery.crossword.js
2025-09-01 13:25:57,173 - Knowledge - INFO - persist search terms embedding for js/jquery.crossword.js
2025-09-01 13:25:57,174 - Knowledge - INFO - Knowledge creation complete
2025-09-01 13:25:57,175 - Knowledge - INFO - Updating org costs, total cost: 0.0017726
2025-09-01 13:25:57,355 - Knowledge - INFO - Saving knowledge to Redis...
2025-09-01 13:25:57,362 - Knowledge - INFO - Knowledge saved to Redis successfully
